<?xml version="1.0" encoding="UTF-8"?>
<!-- Generated by org.testng.reporters.JUnitXMLReporter -->
<testsuite ignored="0" hostname="LAPTOP-QMTS6C4Q" failures="2" tests="26" name="TestCases" time="152.26" errors="0" timestamp="2025-09-06T13:04:21 IST">
  <testcase classname="testcases.LoginTest" name="validLoginTest" time="1.987"/>
  <testcase classname="testcases.LoginTest" name="invalidLoginTest" time="10.773">
    <failure type="org.openqa.selenium.TimeoutException" message="Expected condition failed: waiting for visibility of element located by By.cssSelector: h3[data-test=&amp;apos;error&amp;apos;] (tried for 10 second(s) with 500 milliseconds interval)
Build info: version: &amp;apos;4.20.0&amp;apos;, revision: &amp;apos;866c76ca80&amp;apos;
System info: os.name: &amp;apos;Windows 10&amp;apos;, os.arch: &amp;apos;amd64&amp;apos;, os.version: &amp;apos;10.0&amp;apos;, java.version: &amp;apos;20.0.2&amp;apos;
Driver info: org.openqa.selenium.chrome.ChromeDriver
Capabilities {acceptInsecureCerts: false, browserName: chrome, browserVersion: 139.0.7258.155, chrome: {chromedriverVersion: 139.0.7258.68 (40ff94600b6e..., userDataDir: C:\Users\datta\AppData\Loca...}, fedcm:accounts: true, goog:chromeOptions: {debuggerAddress: localhost:61698}, networkConnectionEnabled: false, pageLoadStrategy: normal, platformName: windows, proxy: Proxy(), se:cdp: ws://localhost:61698/devtoo..., se:cdpVersion: 139.0.7258.155, setWindowRect: true, strictFileInteractability: false, timeouts: {implicit: 0, pageLoad: 300000, script: 30000}, unhandledPromptBehavior: dismiss and notify, webauthn:extension:credBlob: true, webauthn:extension:largeBlob: true, webauthn:extension:minPinLength: true, webauthn:extension:prf: true, webauthn:virtualAuthenticators: true}
Session ID: cd105a2a5a8bba6adfd0644d30e039b0">
      <![CDATA[org.openqa.selenium.TimeoutException: Expected condition failed: waiting for visibility of element located by By.cssSelector: h3[data-test='error'] (tried for 10 second(s) with 500 milliseconds interval)
Build info: version: '4.20.0', revision: '866c76ca80'
System info: os.name: 'Windows 10', os.arch: 'amd64', os.version: '10.0', java.version: '20.0.2'
Driver info: org.openqa.selenium.chrome.ChromeDriver
Capabilities {acceptInsecureCerts: false, browserName: chrome, browserVersion: 139.0.7258.155, chrome: {chromedriverVersion: 139.0.7258.68 (40ff94600b6e..., userDataDir: C:\Users\datta\AppData\Loca...}, fedcm:accounts: true, goog:chromeOptions: {debuggerAddress: localhost:61698}, networkConnectionEnabled: false, pageLoadStrategy: normal, platformName: windows, proxy: Proxy(), se:cdp: ws://localhost:61698/devtoo..., se:cdpVersion: 139.0.7258.155, setWindowRect: true, strictFileInteractability: false, timeouts: {implicit: 0, pageLoad: 300000, script: 30000}, unhandledPromptBehavior: dismiss and notify, webauthn:extension:credBlob: true, webauthn:extension:largeBlob: true, webauthn:extension:minPinLength: true, webauthn:extension:prf: true, webauthn:virtualAuthenticators: true}
Session ID: cd105a2a5a8bba6adfd0644d30e039b0
at org.openqa.selenium.support.ui.WebDriverWait.timeoutException(WebDriverWait.java:84)
at org.openqa.selenium.support.ui.FluentWait.until(FluentWait.java:228)
at pages.LoginPage.getErrorMessage(LoginPage.java:43)
at testcases.LoginTest.invalidLoginTest(LoginTest.java:55)
at java.base/java.util.ArrayList.forEach(ArrayList.java:1511)
... Removed 25 stack frames]]>
    </failure>
  </testcase> <!-- invalidLoginTest -->
  <testcase classname="testcases.LoginTest" name="emptyFieldsLoginTest" time="11.048">
    <failure type="java.lang.AssertionError" message="Expected condition failed: waiting for visibility of element located by By.cssSelector: h3[data-test=&amp;apos;error&amp;apos;] (tried for 10 second(s) with 500 milliseconds interval)
Build info: version: &amp;apos;4.20.0&amp;apos;, revision: &amp;apos;866c76ca80&amp;apos;
System info: os.name: &amp;apos;Windows 10&amp;apos;, os.arch: &amp;apos;amd64&amp;apos;, os.version: &amp;apos;10.0&amp;apos;, java.version: &amp;apos;20.0.2&amp;apos;
Driver info: org.openqa.selenium.chrome.ChromeDriver
Capabilities {acceptInsecureCerts: false, browserName: chrome, browserVersion: 139.0.7258.155, chrome: {chromedriverVersion: 139.0.7258.68 (40ff94600b6e..., userDataDir: C:\Users\datta\AppData\Loca...}, fedcm:accounts: true, goog:chromeOptions: {debuggerAddress: localhost:61698}, networkConnectionEnabled: false, pageLoadStrategy: normal, platformName: windows, proxy: Proxy(), se:cdp: ws://localhost:61698/devtoo..., se:cdpVersion: 139.0.7258.155, setWindowRect: true, strictFileInteractability: false, timeouts: {implicit: 0, pageLoad: 300000, script: 30000}, unhandledPromptBehavior: dismiss and notify, webauthn:extension:credBlob: true, webauthn:extension:largeBlob: true, webauthn:extension:minPinLength: true, webauthn:extension:prf: true, webauthn:virtualAuthenticators: true}
Session ID: cd105a2a5a8bba6adfd0644d30e039b0">
      <![CDATA[java.lang.AssertionError: Expected condition failed: waiting for visibility of element located by By.cssSelector: h3[data-test='error'] (tried for 10 second(s) with 500 milliseconds interval)
Build info: version: '4.20.0', revision: '866c76ca80'
System info: os.name: 'Windows 10', os.arch: 'amd64', os.version: '10.0', java.version: '20.0.2'
Driver info: org.openqa.selenium.chrome.ChromeDriver
Capabilities {acceptInsecureCerts: false, browserName: chrome, browserVersion: 139.0.7258.155, chrome: {chromedriverVersion: 139.0.7258.68 (40ff94600b6e..., userDataDir: C:\Users\datta\AppData\Loca...}, fedcm:accounts: true, goog:chromeOptions: {debuggerAddress: localhost:61698}, networkConnectionEnabled: false, pageLoadStrategy: normal, platformName: windows, proxy: Proxy(), se:cdp: ws://localhost:61698/devtoo..., se:cdpVersion: 139.0.7258.155, setWindowRect: true, strictFileInteractability: false, timeouts: {implicit: 0, pageLoad: 300000, script: 30000}, unhandledPromptBehavior: dismiss and notify, webauthn:extension:credBlob: true, webauthn:extension:largeBlob: true, webauthn:extension:minPinLength: true, webauthn:extension:prf: true, webauthn:virtualAuthenticators: true}
Session ID: cd105a2a5a8bba6adfd0644d30e039b0
at testcases.LoginTest.captureFailure(LoginTest.java:143)
at testcases.LoginTest.emptyFieldsLoginTest(LoginTest.java:80)
at java.base/java.util.ArrayList.forEach(ArrayList.java:1511)
... Removed 26 stack frames]]>
    </failure>
  </testcase> <!-- emptyFieldsLoginTest -->
  <testcase classname="testcases.LoginTest" name="errorMessageValidationTest" time="0.482"/>
  <testcase classname="testcases.LoginTest" name="crossBrowserLoginTest" time="7.841"/>
  <testcase classname="testcases.ProductsTest" name="testInvalidFilterOption" time="0.08"/>
  <testcase classname="testcases.ProductsTest" name="testProductDetailsVerification" time="0.077"/>
  <testcase classname="testcases.ProductsTest" name="testSidebarNavigation" time="18.196"/>
  <testcase classname="testcases.ProductsTest" name="testSortByNameAToZ" time="0.176"/>
  <testcase classname="testcases.ProductsTest" name="testSortByNameZToA" time="1.031"/>
  <testcase classname="testcases.ProductsTest" name="testSortByPriceHighLow" time="0.313"/>
  <testcase classname="testcases.ProductsTest" name="testSortByPriceLowHigh" time="0.175"/>
  <testcase classname="testcases.ProductsTest" name="testUIResponsiveness" time="0.635"/>
  <testcase classname="testcases.CartTest" name="testAddMultipleProductsToCart" time="0.515"/>
  <testcase classname="testcases.CartTest" name="testRemoveProductFromCart" time="1.266"/>
  <testcase classname="testcases.CartTest" name="testValidateCartSummary" time="1.198"/>
  <testcase classname="testcases.CartTest" name="testCartPersistenceAcrossSessions" time="1.825"/>
  <testcase classname="testcases.CartTest" name="testCheckoutWithEmptyCart" time="0.854"/>
  <testcase classname="testcases.CartTest" name="testInvalidSessionRedirection" time="1.16"/>
  <testcase classname="testcases.CheckoutTest" name="testCompleteCheckoutWithValidData" time="1.688"/>
  <testcase classname="testcases.CheckoutTest" name="testCompleteCheckoutWithValidDataRepeat" time="1.843"/>
  <testcase classname="testcases.CheckoutTest" name="testCheckoutWithEmptyFields" time="1.216"/>
  <testcase classname="testcases.CheckoutTest" name="testCheckoutWithInvalidPostalCode" time="1.354"/>
  <testcase classname="testcases.CheckoutTest" name="testCancelCheckoutSteps" time="1.961"/>
  <testcase classname="testcases.CheckoutTest" name="testOrderSummaryValidation" time="1.776"/>
  <testcase classname="testcases.CheckoutTest" name="testOrderConfirmationPageValidation" time="1.872"/>
</testsuite> <!-- TestCases -->
